Running: F:\ISE1\14.7\ISE_DS\ISE\bin\nt64\unwrapped\fuse.exe -intstyle ise -incremental -lib unisims_ver -lib unimacro_ver -lib xilinxcorelib_ver -lib secureip -o D:/EDA/half_add/Half_Add_Half_Add_sch_tb_isim_beh.exe -prj D:/EDA/half_add/Half_Add_Half_Add_sch_tb_beh.prj work.Half_Add_Half_Add_sch_tb work.glbl 
ISim P.20131013 (signature 0x7708f090)
Number of CPUs detected in this system: 8
Turning on mult-threading, number of parallel sub-compilation jobs: 16 
Determining compilation order of HDL files
Analyzing Verilog file "D:/EDA/half_add/Half_Add.vf" into library work
Analyzing Verilog file "F:/ISE1/14.7/ISE_DS/ISE//verilog/src/glbl.v" into library work
Parsing VHDL file "D:/EDA/half_add/add_test.vhd" into library work
Starting static elaboration
Completed static elaboration
Compiling module glbl
Compiling module AND2
Compiling module XOR2
Compiling module Half_Add
Compiling package standard
Compiling package std_logic_1164
Compiling package numeric_std
Compiling package vcomponents
Compiling package vl_types
Compiling architecture behavioral of entity half_add_half_add_sch_tb
Time Resolution for simulation is 1ps.
Compiled 6 VHDL Units
Compiled 4 Verilog Units
Built simulation executable D:/EDA/half_add/Half_Add_Half_Add_sch_tb_isim_beh.exe
Fuse Memory Usage: 51896 KB
Fuse CPU Usage: 843 ms
