#-----------------------------------------------------------
# PlanAhead v14.7 (64-bit)
# Build 321239 by xbuild on Fri Sep 27 19:29:51 MDT 2013
# Start of session at: Wed Dec 29 13:44:05 2021
# Process ID: 2812
# Log file: D:/EDA/Calendar/planAhead_run_2/planAhead.log
# Journal file: D:/EDA/Calendar/planAhead_run_2/planAhead.jou
#-----------------------------------------------------------
INFO: [Common 17-78] Attempting to get a license: PlanAhead
INFO: [Common 17-290] Got license for PlanAhead
INFO: [Device 21-36] Loading parts and site information from F:/ISE1/14.7/ISE_DS/PlanAhead/data/parts/arch.xml
Parsing RTL primitives file [F:/ISE1/14.7/ISE_DS/PlanAhead/data/parts/xilinx/rtl/prims/rtl_prims.xml]
Finished parsing RTL primitives file [F:/ISE1/14.7/ISE_DS/PlanAhead/data/parts/xilinx/rtl/prims/rtl_prims.xml]
start_gui
source D:/EDA/Calendar/pa.fromNetlist.tcl
# create_project -name Calendar -dir "D:/EDA/Calendar/planAhead_run_2" -part xc4vsx25ff668-10
ERROR: [Common 17-53] User Exception: Project already exists on disk, please use '-force' option to overwrite: 
     D:/EDA/Calendar/planAhead_run_2/Calendar.ppr
     D:/EDA/Calendar/planAhead_run_2/Calendar.data

    while executing
"create_project -name Calendar -dir "D:/EDA/Calendar/planAhead_run_2" -part xc4vsx25ff668-10"
    (file "D:/EDA/Calendar/pa.fromNetlist.tcl" line 4)
exit
INFO: [Common 17-206] Exiting PlanAhead at Wed Dec 29 13:44:22 2021...
INFO: [Common 17-83] Releasing license: PlanAhead
