#-----------------------------------------------------------
# Vivado v2021.1 (64-bit)
# SW Build 3247384 on Thu Jun 10 19:36:33 MDT 2021
# IP Build 3246043 on Fri Jun 11 00:30:35 MDT 2021
# Start of session at: Tue Oct 12 11:07:35 2021
# Process ID: 21232
# Current directory: D:/EDA/SubOrAdd
# Command line: vivado.exe -gui_launcher_event rodinguilauncherevent18104 D:\EDA\SubOrAdd\SubOrAdd.xpr
# Log file: D:/EDA/SubOrAdd/vivado.log
# Journal file: D:/EDA/SubOrAdd\vivado.jou
#-----------------------------------------------------------
start_gui
open_project D:/EDA/SubOrAdd/SubOrAdd.xpr
INFO: [Project 1-313] Project file moved from 'F:/Xilinx/LessonDesign/SubOrAdd' since last save.
WARNING: [filemgmt 56-2] Default IP Output Path : Could not find the directory 'D:/EDA/SubOrAdd/SubOrAdd.gen/sources_1', nor could it be found using path 'F:/Xilinx/LessonDesign/SubOrAdd/SubOrAdd.gen/sources_1'.
Scanning sources...
Finished scanning sources
INFO: [IP_Flow 19-234] Refreshing IP repositories
INFO: [IP_Flow 19-1704] No user IP repositories specified
INFO: [IP_Flow 19-2313] Loaded Vivado IP repository 'F:/Xilinx/Vivado/2021.1/data/ip'.
open_project: Time (s): cpu = 00:00:21 ; elapsed = 00:00:08 . Memory (MB): peak = 1459.484 ; gain = 0.000
update_compile_order -fileset sources_1
exit
INFO: [Common 17-206] Exiting Vivado at Tue Oct 12 11:09:03 2021...
