#-----------------------------------------------------------
# Vivado v2021.1 (64-bit)
# SW Build 3247384 on Thu Jun 10 19:36:33 MDT 2021
# IP Build 3246043 on Fri Jun 11 00:30:35 MDT 2021
# Start of session at: Tue Oct 12 11:04:48 2021
# Process ID: 25936
# Current directory: F:/Xilinx/LessonDesign/SubOrAdd
# Command line: vivado.exe -gui_launcher_event rodinguilauncherevent19972 F:\Xilinx\LessonDesign\SubOrAdd\SubOrAdd.xpr
# Log file: F:/Xilinx/LessonDesign/SubOrAdd/vivado.log
# Journal file: F:/Xilinx/LessonDesign/SubOrAdd\vivado.jou
#-----------------------------------------------------------
start_gui
open_project F:/Xilinx/LessonDesign/SubOrAdd/SubOrAdd.xpr
WARNING: [filemgmt 56-3] Default IP Output Path : Could not find the directory 'F:/Xilinx/LessonDesign/SubOrAdd/SubOrAdd.gen/sources_1'.
Scanning sources...
Finished scanning sources
INFO: [IP_Flow 19-234] Refreshing IP repositories
INFO: [IP_Flow 19-1704] No user IP repositories specified
INFO: [IP_Flow 19-2313] Loaded Vivado IP repository 'F:/Xilinx/Vivado/2021.1/data/ip'.
open_project: Time (s): cpu = 00:00:27 ; elapsed = 00:00:10 . Memory (MB): peak = 1454.578 ; gain = 0.000
update_compile_order -fileset sources_1
exit
INFO: [Common 17-206] Exiting Vivado at Tue Oct 12 11:07:18 2021...
